This file contains any messages produced by compilers while
running configure, to aid debugging if configure makes a mistake.

It was created by qfits configure 6.2.0, which was
generated by GNU Autoconf 2.59.  Invocation command line was

  $ ./configure --prefix=/home/peter/GitHub/fat_tirific/qfits-6.2.0/qloc --enable-shared=no --no-create --no-recursion

## --------- ##
## Platform. ##
## --------- ##

hostname = Totoro
uname -m = x86_64
uname -r = 6.5.0-26-generic
uname -s = Linux
uname -v = #26~22.04.1-Ubuntu SMP PREEMPT_DYNAMIC Tue Mar 12 10:22:43 UTC 2

/usr/bin/uname -p = x86_64
/bin/uname -X     = unknown

/bin/arch              = x86_64
/usr/bin/arch -k       = unknown
/usr/convex/getsysinfo = unknown
hostinfo               = unknown
/bin/machine           = unknown
/usr/bin/oslevel       = unknown
/bin/universe          = unknown

PATH: .
PATH: /home/peter/Applications/GMRT_Tools
PATH: /home/peter/.local/bin
PATH: /usr/local/sbin
PATH: /usr/local/bin
PATH: /usr/sbin
PATH: /usr/bin
PATH: /sbin
PATH: /bin
PATH: /usr/games
PATH: /usr/local/games
PATH: /snap/bin
PATH: /home/peter/Applications/galfit
PATH: /home/peter/.local/bin/
PATH: /usr/local/lib/


## ----------- ##
## Core tests. ##
## ----------- ##

configure:1573: checking for a BSD-compatible install
configure:1628: result: /usr/bin/install -c
configure:1639: checking whether build environment is sane
configure:1682: result: yes
configure:1739: checking for gawk
configure:1768: result: no
configure:1739: checking for mawk
configure:1755: found /usr/bin/mawk
configure:1765: result: mawk
configure:1775: checking whether make sets $(MAKE)
configure:1795: result: yes
configure:2007: checking for gcc
configure:2023: found /usr/bin/gcc
configure:2033: result: gcc
configure:2277: checking for C compiler version
configure:2280: gcc --version </dev/null >&5
gcc (Ubuntu 11.4.0-1ubuntu1~22.04) 11.4.0
Copyright (C) 2021 Free Software Foundation, Inc.
This is free software; see the source for copying conditions.  There is NO
warranty; not even for MERCHANTABILITY or FITNESS FOR A PARTICULAR PURPOSE.

configure:2283: $? = 0
configure:2285: gcc -v </dev/null >&5
Using built-in specs.
COLLECT_GCC=gcc
COLLECT_LTO_WRAPPER=/usr/lib/gcc/x86_64-linux-gnu/11/lto-wrapper
OFFLOAD_TARGET_NAMES=nvptx-none:amdgcn-amdhsa
OFFLOAD_TARGET_DEFAULT=1
Target: x86_64-linux-gnu
Configured with: ../src/configure -v --with-pkgversion='Ubuntu 11.4.0-1ubuntu1~22.04' --with-bugurl=file:///usr/share/doc/gcc-11/README.Bugs --enable-languages=c,ada,c++,go,brig,d,fortran,objc,obj-c++,m2 --prefix=/usr --with-gcc-major-version-only --program-suffix=-11 --program-prefix=x86_64-linux-gnu- --enable-shared --enable-linker-build-id --libexecdir=/usr/lib --without-included-gettext --enable-threads=posix --libdir=/usr/lib --enable-nls --enable-bootstrap --enable-clocale=gnu --enable-libstdcxx-debug --enable-libstdcxx-time=yes --with-default-libstdcxx-abi=new --enable-gnu-unique-object --disable-vtable-verify --enable-plugin --enable-default-pie --with-system-zlib --enable-libphobos-checking=release --with-target-system-zlib=auto --enable-objc-gc=auto --enable-multiarch --disable-werror --enable-cet --with-arch-32=i686 --with-abi=m64 --with-multilib-list=m32,m64,mx32 --enable-multilib --with-tune=generic --enable-offload-targets=nvptx-none=/build/gcc-11-XeT9lY/gcc-11-11.4.0/debian/tmp-nvptx/usr,amdgcn-amdhsa=/build/gcc-11-XeT9lY/gcc-11-11.4.0/debian/tmp-gcn/usr --without-cuda-driver --enable-checking=release --build=x86_64-linux-gnu --host=x86_64-linux-gnu --target=x86_64-linux-gnu --with-build-config=bootstrap-lto-lean --enable-link-serialization=2
Thread model: posix
Supported LTO compression algorithms: zlib zstd
gcc version 11.4.0 (Ubuntu 11.4.0-1ubuntu1~22.04) 
configure:2288: $? = 0
configure:2290: gcc -V </dev/null >&5
gcc: error: unrecognized command-line option '-V'
gcc: fatal error: no input files
compilation terminated.
configure:2293: $? = 1
configure:2316: checking for C compiler default output file name
configure:2319: gcc    conftest.c  >&5
configure:2322: $? = 0
configure:2368: result: a.out
configure:2373: checking whether the C compiler works
configure:2379: ./a.out
configure:2382: $? = 0
configure:2399: result: yes
configure:2406: checking whether we are cross compiling
configure:2408: result: no
configure:2411: checking for suffix of executables
configure:2413: gcc -o conftest    conftest.c  >&5
configure:2416: $? = 0
configure:2441: result: 
configure:2447: checking for suffix of object files
configure:2468: gcc -c   conftest.c >&5
configure:2471: $? = 0
configure:2493: result: o
configure:2497: checking whether we are using the GNU C compiler
configure:2521: gcc -c   conftest.c >&5
configure:2527: $? = 0
configure:2531: test -z 
			 || test ! -s conftest.err
configure:2534: $? = 0
configure:2537: test -s conftest.o
configure:2540: $? = 0
configure:2553: result: yes
configure:2559: checking whether gcc accepts -g
configure:2580: gcc -c -g  conftest.c >&5
configure:2586: $? = 0
configure:2590: test -z 
			 || test ! -s conftest.err
configure:2593: $? = 0
configure:2596: test -s conftest.o
configure:2599: $? = 0
configure:2610: result: yes
configure:2627: checking for gcc option to accept ANSI C
configure:2697: gcc  -c -g -O2  conftest.c >&5
configure:2703: $? = 0
configure:2707: test -z 
			 || test ! -s conftest.err
configure:2710: $? = 0
configure:2713: test -s conftest.o
configure:2716: $? = 0
configure:2734: result: none needed
configure:2752: gcc -c -g -O2  conftest.c >&5
conftest.c:2:3: error: unknown type name 'choke'
    2 |   choke me
      |   ^~~~~
conftest.c:2:3: error: expected '=', ',', ';', 'asm' or '__attribute__' at end of input
configure:2758: $? = 1
configure: failed program was:
| #ifndef __cplusplus
|   choke me
| #endif
configure:2902: checking for style of include used by make
configure:2930: result: GNU
configure:2958: checking dependency style of gcc
configure:3048: result: gcc3
configure:3148: checking build system type
configure:3166: result: x86_64-unknown-linux-gnu
configure:3174: checking host system type
configure:3188: result: x86_64-unknown-linux-gnu
configure:3196: checking for a sed that does not truncate output
configure:3250: result: /usr/bin/sed
configure:3253: checking for egrep
configure:3263: result: grep -E
configure:3279: checking for ld used by gcc
configure:3346: result: /usr/bin/ld
configure:3355: checking if the linker (/usr/bin/ld) is GNU ld
configure:3370: result: yes
configure:3375: checking for /usr/bin/ld option to reload object files
configure:3382: result: -r
configure:3391: checking for BSD-compatible nm
configure:3433: result: /usr/bin/nm -B
configure:3437: checking whether ln -s works
configure:3441: result: yes
configure:3448: checking how to recognise dependent libraries
configure:3631: result: pass_all
configure:3716: gcc -c -g -O2  conftest.c >&5
configure:3719: $? = 0
configure:3845: checking how to run the C preprocessor
configure:3880: gcc -E  conftest.c
configure:3886: $? = 0
configure:3918: gcc -E  conftest.c
conftest.c:11:10: fatal error: ac_nonexistent.h: No such file or directory
   11 | #include <ac_nonexistent.h>
      |          ^~~~~~~~~~~~~~~~~~
compilation terminated.
configure:3924: $? = 1
configure: failed program was:
| /* confdefs.h.  */
| 
| #define PACKAGE_NAME "qfits"
| #define PACKAGE_TARNAME "qfits"
| #define PACKAGE_VERSION "6.2.0"
| #define PACKAGE_STRING "qfits 6.2.0"
| #define PACKAGE_BUGREPORT "yjung@eso.org"
| #define PACKAGE "qfits"
| #define VERSION "6.2.0"
| /* end confdefs.h.  */
| #include <ac_nonexistent.h>
configure:3963: result: gcc -E
configure:3987: gcc -E  conftest.c
configure:3993: $? = 0
configure:4025: gcc -E  conftest.c
conftest.c:11:10: fatal error: ac_nonexistent.h: No such file or directory
   11 | #include <ac_nonexistent.h>
      |          ^~~~~~~~~~~~~~~~~~
compilation terminated.
configure:4031: $? = 1
configure: failed program was:
| /* confdefs.h.  */
| 
| #define PACKAGE_NAME "qfits"
| #define PACKAGE_TARNAME "qfits"
| #define PACKAGE_VERSION "6.2.0"
| #define PACKAGE_STRING "qfits 6.2.0"
| #define PACKAGE_BUGREPORT "yjung@eso.org"
| #define PACKAGE "qfits"
| #define VERSION "6.2.0"
| /* end confdefs.h.  */
| #include <ac_nonexistent.h>
configure:4075: checking for ANSI C header files
configure:4100: gcc -c -g -O2  conftest.c >&5
configure:4106: $? = 0
configure:4110: test -z 
			 || test ! -s conftest.err
configure:4113: $? = 0
configure:4116: test -s conftest.o
configure:4119: $? = 0
configure:4208: gcc -o conftest -g -O2   conftest.c  >&5
conftest.c: In function 'main':
conftest.c:28:7: warning: implicit declaration of function 'exit' [-Wimplicit-function-declaration]
   28 |       exit(2);
      |       ^~~~
conftest.c:12:1: note: include '<stdlib.h>' or provide a declaration of 'exit'
   11 | #include <ctype.h>
  +++ |+#include <stdlib.h>
   12 | #if ((' ' & 0x0FF) == 0x020)
conftest.c:28:7: warning: incompatible implicit declaration of built-in function 'exit' [-Wbuiltin-declaration-mismatch]
   28 |       exit(2);
      |       ^~~~
conftest.c:28:7: note: include '<stdlib.h>' or provide a declaration of 'exit'
conftest.c:29:3: warning: incompatible implicit declaration of built-in function 'exit' [-Wbuiltin-declaration-mismatch]
   29 |   exit (0);
      |   ^~~~
conftest.c:29:3: note: include '<stdlib.h>' or provide a declaration of 'exit'
configure:4211: $? = 0
configure:4213: ./conftest
configure:4216: $? = 0
configure:4231: result: yes
configure:4255: checking for sys/types.h
configure:4271: gcc -c -g -O2  conftest.c >&5
configure:4277: $? = 0
configure:4281: test -z 
			 || test ! -s conftest.err
configure:4284: $? = 0
configure:4287: test -s conftest.o
configure:4290: $? = 0
configure:4301: result: yes
configure:4255: checking for sys/stat.h
configure:4271: gcc -c -g -O2  conftest.c >&5
configure:4277: $? = 0
configure:4281: test -z 
			 || test ! -s conftest.err
configure:4284: $? = 0
configure:4287: test -s conftest.o
configure:4290: $? = 0
configure:4301: result: yes
configure:4255: checking for stdlib.h
configure:4271: gcc -c -g -O2  conftest.c >&5
configure:4277: $? = 0
configure:4281: test -z 
			 || test ! -s conftest.err
configure:4284: $? = 0
configure:4287: test -s conftest.o
configure:4290: $? = 0
configure:4301: result: yes
configure:4255: checking for string.h
configure:4271: gcc -c -g -O2  conftest.c >&5
configure:4277: $? = 0
configure:4281: test -z 
			 || test ! -s conftest.err
configure:4284: $? = 0
configure:4287: test -s conftest.o
configure:4290: $? = 0
configure:4301: result: yes
configure:4255: checking for memory.h
configure:4271: gcc -c -g -O2  conftest.c >&5
configure:4277: $? = 0
configure:4281: test -z 
			 || test ! -s conftest.err
configure:4284: $? = 0
configure:4287: test -s conftest.o
configure:4290: $? = 0
configure:4301: result: yes
configure:4255: checking for strings.h
configure:4271: gcc -c -g -O2  conftest.c >&5
configure:4277: $? = 0
configure:4281: test -z 
			 || test ! -s conftest.err
configure:4284: $? = 0
configure:4287: test -s conftest.o
configure:4290: $? = 0
configure:4301: result: yes
configure:4255: checking for inttypes.h
configure:4271: gcc -c -g -O2  conftest.c >&5
configure:4277: $? = 0
configure:4281: test -z 
			 || test ! -s conftest.err
configure:4284: $? = 0
configure:4287: test -s conftest.o
configure:4290: $? = 0
configure:4301: result: yes
configure:4255: checking for stdint.h
configure:4271: gcc -c -g -O2  conftest.c >&5
configure:4277: $? = 0
configure:4281: test -z 
			 || test ! -s conftest.err
configure:4284: $? = 0
configure:4287: test -s conftest.o
configure:4290: $? = 0
configure:4301: result: yes
configure:4255: checking for unistd.h
configure:4271: gcc -c -g -O2  conftest.c >&5
configure:4277: $? = 0
configure:4281: test -z 
			 || test ! -s conftest.err
configure:4284: $? = 0
configure:4287: test -s conftest.o
configure:4290: $? = 0
configure:4301: result: yes
configure:4327: checking dlfcn.h usability
configure:4339: gcc -c -g -O2  conftest.c >&5
configure:4345: $? = 0
configure:4349: test -z 
			 || test ! -s conftest.err
configure:4352: $? = 0
configure:4355: test -s conftest.o
configure:4358: $? = 0
configure:4368: result: yes
configure:4372: checking dlfcn.h presence
configure:4382: gcc -E  conftest.c
configure:4388: $? = 0
configure:4408: result: yes
configure:4443: checking for dlfcn.h
configure:4450: result: yes
configure:4515: checking for g++
configure:4531: found /usr/bin/g++
configure:4541: result: g++
configure:4557: checking for C++ compiler version
configure:4560: g++ --version </dev/null >&5
g++ (Ubuntu 11.4.0-1ubuntu1~22.04) 11.4.0
Copyright (C) 2021 Free Software Foundation, Inc.
This is free software; see the source for copying conditions.  There is NO
warranty; not even for MERCHANTABILITY or FITNESS FOR A PARTICULAR PURPOSE.

configure:4563: $? = 0
configure:4565: g++ -v </dev/null >&5
Using built-in specs.
COLLECT_GCC=g++
COLLECT_LTO_WRAPPER=/usr/lib/gcc/x86_64-linux-gnu/11/lto-wrapper
OFFLOAD_TARGET_NAMES=nvptx-none:amdgcn-amdhsa
OFFLOAD_TARGET_DEFAULT=1
Target: x86_64-linux-gnu
Configured with: ../src/configure -v --with-pkgversion='Ubuntu 11.4.0-1ubuntu1~22.04' --with-bugurl=file:///usr/share/doc/gcc-11/README.Bugs --enable-languages=c,ada,c++,go,brig,d,fortran,objc,obj-c++,m2 --prefix=/usr --with-gcc-major-version-only --program-suffix=-11 --program-prefix=x86_64-linux-gnu- --enable-shared --enable-linker-build-id --libexecdir=/usr/lib --without-included-gettext --enable-threads=posix --libdir=/usr/lib --enable-nls --enable-bootstrap --enable-clocale=gnu --enable-libstdcxx-debug --enable-libstdcxx-time=yes --with-default-libstdcxx-abi=new --enable-gnu-unique-object --disable-vtable-verify --enable-plugin --enable-default-pie --with-system-zlib --enable-libphobos-checking=release --with-target-system-zlib=auto --enable-objc-gc=auto --enable-multiarch --disable-werror --enable-cet --with-arch-32=i686 --with-abi=m64 --with-multilib-list=m32,m64,mx32 --enable-multilib --with-tune=generic --enable-offload-targets=nvptx-none=/build/gcc-11-XeT9lY/gcc-11-11.4.0/debian/tmp-nvptx/usr,amdgcn-amdhsa=/build/gcc-11-XeT9lY/gcc-11-11.4.0/debian/tmp-gcn/usr --without-cuda-driver --enable-checking=release --build=x86_64-linux-gnu --host=x86_64-linux-gnu --target=x86_64-linux-gnu --with-build-config=bootstrap-lto-lean --enable-link-serialization=2
Thread model: posix
Supported LTO compression algorithms: zlib zstd
gcc version 11.4.0 (Ubuntu 11.4.0-1ubuntu1~22.04) 
configure:4568: $? = 0
configure:4570: g++ -V </dev/null >&5
g++: error: unrecognized command-line option '-V'
g++: fatal error: no input files
compilation terminated.
configure:4573: $? = 1
configure:4576: checking whether we are using the GNU C++ compiler
configure:4600: g++ -c   conftest.cc >&5
configure:4606: $? = 0
configure:4610: test -z 
			 || test ! -s conftest.err
configure:4613: $? = 0
configure:4616: test -s conftest.o
configure:4619: $? = 0
configure:4632: result: yes
configure:4638: checking whether g++ accepts -g
configure:4659: g++ -c -g  conftest.cc >&5
configure:4665: $? = 0
configure:4669: test -z 
			 || test ! -s conftest.err
configure:4672: $? = 0
configure:4675: test -s conftest.o
configure:4678: $? = 0
configure:4689: result: yes
configure:4731: g++ -c -g -O2  conftest.cc >&5
configure:4737: $? = 0
configure:4741: test -z 
			 || test ! -s conftest.err
configure:4744: $? = 0
configure:4747: test -s conftest.o
configure:4750: $? = 0
configure:4776: g++ -c -g -O2  conftest.cc >&5
conftest.cc: In function 'int main()':
conftest.cc:26:1: error: 'exit' was not declared in this scope
   26 | exit (42);
      | ^~~~
configure:4782: $? = 1
configure: failed program was:
| /* confdefs.h.  */
| 
| #define PACKAGE_NAME "qfits"
| #define PACKAGE_TARNAME "qfits"
| #define PACKAGE_VERSION "6.2.0"
| #define PACKAGE_STRING "qfits 6.2.0"
| #define PACKAGE_BUGREPORT "yjung@eso.org"
| #define PACKAGE "qfits"
| #define VERSION "6.2.0"
| #define STDC_HEADERS 1
| #define HAVE_SYS_TYPES_H 1
| #define HAVE_SYS_STAT_H 1
| #define HAVE_STDLIB_H 1
| #define HAVE_STRING_H 1
| #define HAVE_MEMORY_H 1
| #define HAVE_STRINGS_H 1
| #define HAVE_INTTYPES_H 1
| #define HAVE_STDINT_H 1
| #define HAVE_UNISTD_H 1
| #define HAVE_DLFCN_H 1
| /* end confdefs.h.  */
| 
| int
| main ()
| {
| exit (42);
|   ;
|   return 0;
| }
configure:4731: g++ -c -g -O2  conftest.cc >&5
conftest.cc:22:17: warning: 'void std::exit(int)' has not been declared within 'std'
   22 | extern "C" void std::exit (int) throw (); using std::exit;
      |                 ^~~
<built-in>: note: only here as a 'friend'
configure:4737: $? = 0
configure:4741: test -z 
			 || test ! -s conftest.err
configure:4744: $? = 0
configure:4747: test -s conftest.o
configure:4750: $? = 0
configure:4776: g++ -c -g -O2  conftest.cc >&5
conftest.cc:22:17: warning: 'void std::exit(int)' has not been declared within 'std'
   22 | extern "C" void std::exit (int) throw (); using std::exit;
      |                 ^~~
<built-in>: note: only here as a 'friend'
configure:4782: $? = 0
configure:4786: test -z 
			 || test ! -s conftest.err
configure:4789: $? = 0
configure:4792: test -s conftest.o
configure:4795: $? = 0
configure:4820: checking dependency style of g++
configure:4910: result: gcc3
configure:4932: checking how to run the C++ preprocessor
configure:4963: g++ -E  conftest.cc
configure:4969: $? = 0
configure:5001: g++ -E  conftest.cc
conftest.cc:25:10: fatal error: ac_nonexistent.h: No such file or directory
   25 | #include <ac_nonexistent.h>
      |          ^~~~~~~~~~~~~~~~~~
compilation terminated.
configure:5007: $? = 1
configure: failed program was:
| /* confdefs.h.  */
| 
| #define PACKAGE_NAME "qfits"
| #define PACKAGE_TARNAME "qfits"
| #define PACKAGE_VERSION "6.2.0"
| #define PACKAGE_STRING "qfits 6.2.0"
| #define PACKAGE_BUGREPORT "yjung@eso.org"
| #define PACKAGE "qfits"
| #define VERSION "6.2.0"
| #define STDC_HEADERS 1
| #define HAVE_SYS_TYPES_H 1
| #define HAVE_SYS_STAT_H 1
| #define HAVE_STDLIB_H 1
| #define HAVE_STRING_H 1
| #define HAVE_MEMORY_H 1
| #define HAVE_STRINGS_H 1
| #define HAVE_INTTYPES_H 1
| #define HAVE_STDINT_H 1
| #define HAVE_UNISTD_H 1
| #define HAVE_DLFCN_H 1
| #ifdef __cplusplus
| extern "C" void std::exit (int) throw (); using std::exit;
| #endif
| /* end confdefs.h.  */
| #include <ac_nonexistent.h>
configure:5046: result: g++ -E
configure:5070: g++ -E  conftest.cc
configure:5076: $? = 0
configure:5108: g++ -E  conftest.cc
conftest.cc:25:10: fatal error: ac_nonexistent.h: No such file or directory
   25 | #include <ac_nonexistent.h>
      |          ^~~~~~~~~~~~~~~~~~
compilation terminated.
configure:5114: $? = 1
configure: failed program was:
| /* confdefs.h.  */
| 
| #define PACKAGE_NAME "qfits"
| #define PACKAGE_TARNAME "qfits"
| #define PACKAGE_VERSION "6.2.0"
| #define PACKAGE_STRING "qfits 6.2.0"
| #define PACKAGE_BUGREPORT "yjung@eso.org"
| #define PACKAGE "qfits"
| #define VERSION "6.2.0"
| #define STDC_HEADERS 1
| #define HAVE_SYS_TYPES_H 1
| #define HAVE_SYS_STAT_H 1
| #define HAVE_STDLIB_H 1
| #define HAVE_STRING_H 1
| #define HAVE_MEMORY_H 1
| #define HAVE_STRINGS_H 1
| #define HAVE_INTTYPES_H 1
| #define HAVE_STDINT_H 1
| #define HAVE_UNISTD_H 1
| #define HAVE_DLFCN_H 1
| #ifdef __cplusplus
| extern "C" void std::exit (int) throw (); using std::exit;
| #endif
| /* end confdefs.h.  */
| #include <ac_nonexistent.h>
configure:5209: checking for g77
configure:5238: result: no
configure:5209: checking for f77
configure:5225: found /usr/bin/f77
configure:5235: result: f77
configure:5250: checking for Fortran 77 compiler version
configure:5253: f77 --version </dev/null >&5
GNU Fortran (Ubuntu 11.4.0-1ubuntu1~22.04) 11.4.0
Copyright (C) 2021 Free Software Foundation, Inc.
This is free software; see the source for copying conditions.  There is NO
warranty; not even for MERCHANTABILITY or FITNESS FOR A PARTICULAR PURPOSE.

configure:5256: $? = 0
configure:5258: f77 -v </dev/null >&5
Using built-in specs.
COLLECT_GCC=f77
COLLECT_LTO_WRAPPER=/usr/lib/gcc/x86_64-linux-gnu/11/lto-wrapper
OFFLOAD_TARGET_NAMES=nvptx-none:amdgcn-amdhsa
OFFLOAD_TARGET_DEFAULT=1
Target: x86_64-linux-gnu
Configured with: ../src/configure -v --with-pkgversion='Ubuntu 11.4.0-1ubuntu1~22.04' --with-bugurl=file:///usr/share/doc/gcc-11/README.Bugs --enable-languages=c,ada,c++,go,brig,d,fortran,objc,obj-c++,m2 --prefix=/usr --with-gcc-major-version-only --program-suffix=-11 --program-prefix=x86_64-linux-gnu- --enable-shared --enable-linker-build-id --libexecdir=/usr/lib --without-included-gettext --enable-threads=posix --libdir=/usr/lib --enable-nls --enable-bootstrap --enable-clocale=gnu --enable-libstdcxx-debug --enable-libstdcxx-time=yes --with-default-libstdcxx-abi=new --enable-gnu-unique-object --disable-vtable-verify --enable-plugin --enable-default-pie --with-system-zlib --enable-libphobos-checking=release --with-target-system-zlib=auto --enable-objc-gc=auto --enable-multiarch --disable-werror --enable-cet --with-arch-32=i686 --with-abi=m64 --with-multilib-list=m32,m64,mx32 --enable-multilib --with-tune=generic --enable-offload-targets=nvptx-none=/build/gcc-11-XeT9lY/gcc-11-11.4.0/debian/tmp-nvptx/usr,amdgcn-amdhsa=/build/gcc-11-XeT9lY/gcc-11-11.4.0/debian/tmp-gcn/usr --without-cuda-driver --enable-checking=release --build=x86_64-linux-gnu --host=x86_64-linux-gnu --target=x86_64-linux-gnu --with-build-config=bootstrap-lto-lean --enable-link-serialization=2
Thread model: posix
Supported LTO compression algorithms: zlib zstd
gcc version 11.4.0 (Ubuntu 11.4.0-1ubuntu1~22.04) 
configure:5261: $? = 0
configure:5263: f77 -V </dev/null >&5
f77: error: unrecognized command-line option '-V'
f77: fatal error: no input files
compilation terminated.
configure:5266: $? = 1
configure:5274: checking whether we are using the GNU Fortran 77 compiler
configure:5288: f77 -c  conftest.F >&5
configure:5294: $? = 0
configure:5298: test -z 
			 || test ! -s conftest.err
configure:5301: $? = 0
configure:5304: test -s conftest.o
configure:5307: $? = 0
configure:5320: result: yes
configure:5326: checking whether f77 accepts -g
configure:5338: f77 -c -g conftest.f >&5
configure:5344: $? = 0
configure:5348: test -z 
			 || test ! -s conftest.err
configure:5351: $? = 0
configure:5354: test -s conftest.o
configure:5357: $? = 0
configure:5369: result: yes
configure:5399: checking the maximum length of command line arguments
configure:5464: result: 32768
configure:5475: checking command to parse /usr/bin/nm -B output from gcc object
configure:5564: gcc -c -g -O2  conftest.c >&5
configure:5567: $? = 0
configure:5571: /usr/bin/nm -B conftest.o \| sed -n -e 's/^.*[ 	]\([ABCDGIRSTW][ABCDGIRSTW]*\)[ 	][ 	]*\(\)\([_A-Za-z][_A-Za-z0-9]*\)$/\1 \2\3 \3/p' \> conftest.nm
configure:5574: $? = 0
configure:5626: gcc -o conftest -g -O2   conftest.c conftstm.o >&5
configure:5629: $? = 0
configure:5667: result: ok
configure:5671: checking for objdir
configure:5686: result: .libs
configure:5776: checking for ar
configure:5792: found /usr/bin/ar
configure:5803: result: ar
configure:5856: checking for ranlib
configure:5872: found /usr/bin/ranlib
configure:5883: result: ranlib
configure:5936: checking for strip
configure:5952: found /usr/bin/strip
configure:5963: result: strip
configure:6225: checking if gcc static flag  works
configure:6248: result: yes
configure:6266: checking if gcc supports -fno-rtti -fno-exceptions
configure:6284: gcc -c -g -O2  -fno-rtti -fno-exceptions conftest.c >&5
cc1: warning: command-line option '-fno-rtti' is valid for C++/D/ObjC++ but not for C
configure:6288: $? = 0
configure:6299: result: no
configure:6314: checking for gcc option to produce PIC
configure:6491: result: -fPIC
configure:6499: checking if gcc PIC flag -fPIC works
configure:6517: gcc -c -g -O2  -fPIC -DPIC conftest.c >&5
configure:6521: $? = 0
configure:6532: result: yes
configure:6556: checking if gcc supports -c -o file.o
configure:6577: gcc -c -g -O2  -o out/conftest2.o conftest.c >&5
configure:6581: $? = 0
configure:6601: result: yes
configure:6627: checking whether the gcc linker (/usr/bin/ld -m elf_x86_64) supports shared libraries
configure:7475: result: yes
configure:7546: checking dynamic linker characteristics
configure:8086: result: GNU/Linux ld.so
configure:8090: checking how to hardcode library paths into programs
configure:8115: result: immediate
configure:8129: checking whether stripping libraries is possible
configure:8134: result: yes
configure:8964: checking if libtool supports shared libraries
configure:8966: result: yes
configure:8969: checking whether to build shared libraries
configure:9027: result: no
configure:9030: checking whether to build static libraries
configure:9034: result: yes
configure:9126: creating libtool
configure:9673: checking for ld used by g++
configure:9740: result: /usr/bin/ld -m elf_x86_64
configure:9749: checking if the linker (/usr/bin/ld -m elf_x86_64) is GNU ld
configure:9764: result: yes
configure:9815: checking whether the g++ linker (/usr/bin/ld -m elf_x86_64) supports shared libraries
configure:10643: result: yes
configure:10661: g++ -c -g -O2  conftest.cc >&5
configure:10664: $? = 0
configure:10760: checking for g++ option to produce PIC
configure:11012: result: -fPIC
configure:11020: checking if g++ PIC flag -fPIC works
configure:11038: g++ -c -g -O2  -fPIC -DPIC conftest.cc >&5
configure:11042: $? = 0
configure:11053: result: yes
configure:11077: checking if g++ supports -c -o file.o
configure:11098: g++ -c -g -O2  -o out/conftest2.o conftest.cc >&5
configure:11102: $? = 0
configure:11122: result: yes
configure:11148: checking whether the g++ linker (/usr/bin/ld -m elf_x86_64) supports shared libraries
configure:11173: result: yes
configure:11244: checking dynamic linker characteristics
configure:11784: result: GNU/Linux ld.so
configure:11788: checking how to hardcode library paths into programs
configure:11813: result: immediate
configure:11827: checking whether stripping libraries is possible
configure:11832: result: yes
configure:13139: checking if libtool supports shared libraries
configure:13141: result: yes
configure:13144: checking whether to build shared libraries
configure:13162: result: no
configure:13165: checking whether to build static libraries
configure:13169: result: yes
configure:13181: checking for f77 option to produce PIC
configure:13358: result: -fPIC
configure:13366: checking if f77 PIC flag -fPIC works
configure:13384: f77 -c -g -O2 -fPIC conftest.f >&5
configure:13388: $? = 0
configure:13399: result: yes
configure:13423: checking if f77 supports -c -o file.o
configure:13444: f77 -c -g -O2 -o out/conftest2.o conftest.f >&5
configure:13448: $? = 0
configure:13468: result: yes
configure:13494: checking whether the f77 linker (/usr/bin/ld -m elf_x86_64) supports shared libraries
configure:14322: result: yes
configure:14393: checking dynamic linker characteristics
configure:14933: result: GNU/Linux ld.so
configure:14937: checking how to hardcode library paths into programs
configure:14962: result: immediate
configure:14976: checking whether stripping libraries is possible
configure:14981: result: yes
configure:19122: checking for doxygen
configure:19155: result: no
configure:19163: checking for latex
configure:19196: result: no
configure:19223: checking for main in -lm
configure:19247: gcc -o conftest -g -O2   conftest.c -lm   >&5
configure:19253: $? = 0
configure:19257: test -z 
			 || test ! -s conftest.err
configure:19260: $? = 0
configure:19263: test -s conftest
configure:19266: $? = 0
configure:19279: result: yes
configure:19297: checking qfits options
configure:19352: result: QFITS_CFLAGS=
configure:19358: checking for ANSI C header files
configure:19514: result: yes
configure:19542: checking fcntl.h usability
configure:19554: gcc -c -g -O2  conftest.c >&5
configure:19560: $? = 0
configure:19564: test -z 
			 || test ! -s conftest.err
configure:19567: $? = 0
configure:19570: test -s conftest.o
configure:19573: $? = 0
configure:19583: result: yes
configure:19587: checking fcntl.h presence
configure:19597: gcc -E  conftest.c
configure:19603: $? = 0
configure:19623: result: yes
configure:19658: checking for fcntl.h
configure:19665: result: yes
configure:19533: checking for stdlib.h
configure:19538: result: yes
configure:19533: checking for string.h
configure:19538: result: yes
configure:19542: checking sys/time.h usability
configure:19554: gcc -c -g -O2  conftest.c >&5
configure:19560: $? = 0
configure:19564: test -z 
			 || test ! -s conftest.err
configure:19567: $? = 0
configure:19570: test -s conftest.o
configure:19573: $? = 0
configure:19583: result: yes
configure:19587: checking sys/time.h presence
configure:19597: gcc -E  conftest.c
configure:19603: $? = 0
configure:19623: result: yes
configure:19658: checking for sys/time.h
configure:19665: result: yes
configure:19533: checking for unistd.h
configure:19538: result: yes
configure:19680: checking for an ANSI C-conforming const
configure:19747: gcc -c -g -O2  conftest.c >&5
configure:19753: $? = 0
configure:19757: test -z 
			 || test ! -s conftest.err
configure:19760: $? = 0
configure:19763: test -s conftest.o
configure:19766: $? = 0
configure:19777: result: yes
configure:19787: checking for size_t
configure:19811: gcc -c -g -O2  conftest.c >&5
configure:19817: $? = 0
configure:19821: test -z 
			 || test ! -s conftest.err
configure:19824: $? = 0
configure:19827: test -s conftest.o
configure:19830: $? = 0
configure:19841: result: yes
configure:19853: checking whether time.h and sys/time.h may both be included
configure:19878: gcc -c -g -O2  conftest.c >&5
configure:19884: $? = 0
configure:19888: test -z 
			 || test ! -s conftest.err
configure:19891: $? = 0
configure:19894: test -s conftest.o
configure:19897: $? = 0
configure:19908: result: yes
configure:19918: checking whether struct tm is in sys/time.h or time.h
configure:19941: gcc -c -g -O2  conftest.c >&5
configure:19947: $? = 0
configure:19951: test -z 
			 || test ! -s conftest.err
configure:19954: $? = 0
configure:19957: test -s conftest.o
configure:19960: $? = 0
configure:19971: result: time.h
configure:19988: checking for stdlib.h
configure:19993: result: yes
configure:20133: checking for GNU libc compatible malloc
configure:20162: gcc -o conftest -g -O2   conftest.c -lm  >&5
configure:20165: $? = 0
configure:20167: ./conftest
configure:20170: $? = 0
configure:20184: result: yes
configure:20220: checking for stdlib.h
configure:20225: result: yes
configure:20220: checking for unistd.h
configure:20225: result: yes
configure:20369: checking for getpagesize
configure:20426: gcc -o conftest -g -O2   conftest.c -lm  >&5
configure:20432: $? = 0
configure:20436: test -z 
			 || test ! -s conftest.err
configure:20439: $? = 0
configure:20442: test -s conftest
configure:20445: $? = 0
configure:20457: result: yes
configure:20467: checking for working mmap
configure:20609: gcc -o conftest -g -O2   conftest.c -lm  >&5
configure:20612: $? = 0
configure:20614: ./conftest
configure:20617: $? = 0
configure:20631: result: yes
configure:20647: checking for stdlib.h
configure:20652: result: yes
configure:20792: checking for GNU libc compatible realloc
configure:20821: gcc -o conftest -g -O2   conftest.c -lm  >&5
configure:20824: $? = 0
configure:20826: ./conftest
configure:20829: $? = 0
configure:20843: result: yes
configure:20873: checking whether lstat dereferences a symlink specified with a trailing slash
configure:20904: gcc -o conftest -g -O2   conftest.c -lm  >&5
configure:20907: $? = 0
configure:20909: ./conftest
configure:20912: $? = 0
configure:20933: result: yes
configure:20954: checking whether stat accepts an empty string
configure:20979: gcc -o conftest -g -O2   conftest.c -lm  >&5
configure:20982: $? = 0
configure:20984: ./conftest
configure:20987: $? = 1
configure: program exited with status 1
configure: failed program was:
| /* confdefs.h.  */
| 
| #define PACKAGE_NAME "qfits"
| #define PACKAGE_TARNAME "qfits"
| #define PACKAGE_VERSION "6.2.0"
| #define PACKAGE_STRING "qfits 6.2.0"
| #define PACKAGE_BUGREPORT "yjung@eso.org"
| #define PACKAGE "qfits"
| #define VERSION "6.2.0"
| #define STDC_HEADERS 1
| #define HAVE_SYS_TYPES_H 1
| #define HAVE_SYS_STAT_H 1
| #define HAVE_STDLIB_H 1
| #define HAVE_STRING_H 1
| #define HAVE_MEMORY_H 1
| #define HAVE_STRINGS_H 1
| #define HAVE_INTTYPES_H 1
| #define HAVE_STDINT_H 1
| #define HAVE_UNISTD_H 1
| #define HAVE_DLFCN_H 1
| #ifdef __cplusplus
| extern "C" void std::exit (int) throw (); using std::exit;
| #endif
| #define HAVE_LIBM 1
| #define STDC_HEADERS 1
| #define HAVE_FCNTL_H 1
| #define HAVE_STDLIB_H 1
| #define HAVE_STRING_H 1
| #define HAVE_SYS_TIME_H 1
| #define HAVE_UNISTD_H 1
| #define TIME_WITH_SYS_TIME 1
| #define HAVE_STDLIB_H 1
| #define HAVE_MALLOC 1
| #define HAVE_STDLIB_H 1
| #define HAVE_UNISTD_H 1
| #define HAVE_GETPAGESIZE 1
| #define HAVE_MMAP 1
| #define HAVE_STDLIB_H 1
| #define HAVE_REALLOC 1
| #define LSTAT_FOLLOWS_SLASHED_SYMLINK 1
| /* end confdefs.h.  */
| #include <stdio.h>
| #if HAVE_SYS_TYPES_H
| # include <sys/types.h>
| #endif
| #if HAVE_SYS_STAT_H
| # include <sys/stat.h>
| #endif
| #if STDC_HEADERS
| # include <stdlib.h>
| # include <stddef.h>
| #else
| # if HAVE_STDLIB_H
| #  include <stdlib.h>
| # endif
| #endif
| #if HAVE_STRING_H
| # if !STDC_HEADERS && HAVE_MEMORY_H
| #  include <memory.h>
| # endif
| # include <string.h>
| #endif
| #if HAVE_STRINGS_H
| # include <strings.h>
| #endif
| #if HAVE_INTTYPES_H
| # include <inttypes.h>
| #else
| # if HAVE_STDINT_H
| #  include <stdint.h>
| # endif
| #endif
| #if HAVE_UNISTD_H
| # include <unistd.h>
| #endif
| int
| main ()
| {
| struct stat sbuf;
|   exit (stat ("", &sbuf) ? 1 : 0);
|   ;
|   return 0;
| }
configure:21001: result: no
configure:21023: checking for vprintf
configure:21080: gcc -o conftest -g -O2   conftest.c -lm  >&5
conftest.c:66:6: warning: conflicting types for built-in function 'vprintf'; expected 'int(const char *, __va_list_tag *)' [-Wbuiltin-declaration-mismatch]
   66 | char vprintf ();
      |      ^~~~~~~
conftest.c:53:1: note: 'vprintf' is declared in header '<stdio.h>'
   52 | # include <limits.h>
   53 | #else
configure:21086: $? = 0
configure:21090: test -z 
			 || test ! -s conftest.err
configure:21093: $? = 0
configure:21096: test -s conftest
configure:21099: $? = 0
configure:21111: result: yes
configure:21118: checking for _doprnt
configure:21175: gcc -o conftest -g -O2   conftest.c -lm  >&5
/usr/bin/ld: /tmp/ccfFN8LF.o: in function `main':
/home/peter/GitHub/fat_tirific/qfits-6.2.0/conftest.c:83: undefined reference to `_doprnt'
/usr/bin/ld: /tmp/ccfFN8LF.o:/home/peter/GitHub/fat_tirific/qfits-6.2.0/conftest.c:74: undefined reference to `_doprnt'
collect2: error: ld returned 1 exit status
configure:21181: $? = 1
configure: failed program was:
| /* confdefs.h.  */
| 
| #define PACKAGE_NAME "qfits"
| #define PACKAGE_TARNAME "qfits"
| #define PACKAGE_VERSION "6.2.0"
| #define PACKAGE_STRING "qfits 6.2.0"
| #define PACKAGE_BUGREPORT "yjung@eso.org"
| #define PACKAGE "qfits"
| #define VERSION "6.2.0"
| #define STDC_HEADERS 1
| #define HAVE_SYS_TYPES_H 1
| #define HAVE_SYS_STAT_H 1
| #define HAVE_STDLIB_H 1
| #define HAVE_STRING_H 1
| #define HAVE_MEMORY_H 1
| #define HAVE_STRINGS_H 1
| #define HAVE_INTTYPES_H 1
| #define HAVE_STDINT_H 1
| #define HAVE_UNISTD_H 1
| #define HAVE_DLFCN_H 1
| #ifdef __cplusplus
| extern "C" void std::exit (int) throw (); using std::exit;
| #endif
| #define HAVE_LIBM 1
| #define STDC_HEADERS 1
| #define HAVE_FCNTL_H 1
| #define HAVE_STDLIB_H 1
| #define HAVE_STRING_H 1
| #define HAVE_SYS_TIME_H 1
| #define HAVE_UNISTD_H 1
| #define TIME_WITH_SYS_TIME 1
| #define HAVE_STDLIB_H 1
| #define HAVE_MALLOC 1
| #define HAVE_STDLIB_H 1
| #define HAVE_UNISTD_H 1
| #define HAVE_GETPAGESIZE 1
| #define HAVE_MMAP 1
| #define HAVE_STDLIB_H 1
| #define HAVE_REALLOC 1
| #define LSTAT_FOLLOWS_SLASHED_SYMLINK 1
| #define HAVE_VPRINTF 1
| /* end confdefs.h.  */
| /* Define _doprnt to an innocuous variant, in case <limits.h> declares _doprnt.
|    For example, HP-UX 11i <limits.h> declares gettimeofday.  */
| #define _doprnt innocuous__doprnt
| 
| /* System header to define __stub macros and hopefully few prototypes,
|     which can conflict with char _doprnt (); below.
|     Prefer <limits.h> to <assert.h> if __STDC__ is defined, since
|     <limits.h> exists even on freestanding compilers.  */
| 
| #ifdef __STDC__
| # include <limits.h>
| #else
| # include <assert.h>
| #endif
| 
| #undef _doprnt
| 
| /* Override any gcc2 internal prototype to avoid an error.  */
| #ifdef __cplusplus
| extern "C"
| {
| #endif
| /* We use char because int might match the return type of a gcc2
|    builtin and then its argument prototype would still apply.  */
| char _doprnt ();
| /* The GNU C library defines this for functions which it implements
|     to always fail with ENOSYS.  Some functions are actually named
|     something starting with __ and the normal name is an alias.  */
| #if defined (__stub__doprnt) || defined (__stub____doprnt)
| choke me
| #else
| char (*f) () = _doprnt;
| #endif
| #ifdef __cplusplus
| }
| #endif
| 
| int
| main ()
| {
| return f != _doprnt;
|   ;
|   return 0;
| }
configure:21206: result: no
configure:21238: checking for atexit
configure:21295: gcc -o conftest -g -O2   conftest.c -lm  >&5
configure:21301: $? = 0
configure:21305: test -z 
			 || test ! -s conftest.err
configure:21308: $? = 0
configure:21311: test -s conftest
configure:21314: $? = 0
configure:21326: result: yes
configure:21238: checking for getpagesize
configure:21326: result: yes
configure:21238: checking for gettimeofday
configure:21295: gcc -o conftest -g -O2   conftest.c -lm  >&5
configure:21301: $? = 0
configure:21305: test -z 
			 || test ! -s conftest.err
configure:21308: $? = 0
configure:21311: test -s conftest
configure:21314: $? = 0
configure:21326: result: yes
configure:21238: checking for memchr
configure:21295: gcc -o conftest -g -O2   conftest.c -lm  >&5
conftest.c:70:6: warning: conflicting types for built-in function 'memchr'; expected 'void *(const void *, int,  long unsigned int)' [-Wbuiltin-declaration-mismatch]
   70 | char memchr ();
      |      ^~~~~~
conftest.c:57:1: note: 'memchr' is declared in header '<string.h>'
   56 | # include <limits.h>
   57 | #else
configure:21301: $? = 0
configure:21305: test -z 
			 || test ! -s conftest.err
configure:21308: $? = 0
configure:21311: test -s conftest
configure:21314: $? = 0
configure:21326: result: yes
configure:21238: checking for memmove
configure:21295: gcc -o conftest -g -O2   conftest.c -lm  >&5
conftest.c:71:6: warning: conflicting types for built-in function 'memmove'; expected 'void *(void *, const void *, long unsigned int)' [-Wbuiltin-declaration-mismatch]
   71 | char memmove ();
      |      ^~~~~~~
conftest.c:58:1: note: 'memmove' is declared in header '<string.h>'
   57 | # include <limits.h>
   58 | #else
configure:21301: $? = 0
configure:21305: test -z 
			 || test ! -s conftest.err
configure:21308: $? = 0
configure:21311: test -s conftest
configure:21314: $? = 0
configure:21326: result: yes
configure:21238: checking for memset
configure:21295: gcc -o conftest -g -O2   conftest.c -lm  >&5
conftest.c:72:6: warning: conflicting types for built-in function 'memset'; expected 'void *(void *, int,  long unsigned int)' [-Wbuiltin-declaration-mismatch]
   72 | char memset ();
      |      ^~~~~~
conftest.c:59:1: note: 'memset' is declared in header '<string.h>'
   58 | # include <limits.h>
   59 | #else
configure:21301: $? = 0
configure:21305: test -z 
			 || test ! -s conftest.err
configure:21308: $? = 0
configure:21311: test -s conftest
configure:21314: $? = 0
configure:21326: result: yes
configure:21238: checking for mkdir
configure:21295: gcc -o conftest -g -O2   conftest.c -lm  >&5
configure:21301: $? = 0
configure:21305: test -z 
			 || test ! -s conftest.err
configure:21308: $? = 0
configure:21311: test -s conftest
configure:21314: $? = 0
configure:21326: result: yes
configure:21238: checking for munmap
configure:21295: gcc -o conftest -g -O2   conftest.c -lm  >&5
configure:21301: $? = 0
configure:21305: test -z 
			 || test ! -s conftest.err
configure:21308: $? = 0
configure:21311: test -s conftest
configure:21314: $? = 0
configure:21326: result: yes
configure:21238: checking for regcomp
configure:21295: gcc -o conftest -g -O2   conftest.c -lm  >&5
configure:21301: $? = 0
configure:21305: test -z 
			 || test ! -s conftest.err
configure:21308: $? = 0
configure:21311: test -s conftest
configure:21314: $? = 0
configure:21326: result: yes
configure:21238: checking for rmdir
configure:21295: gcc -o conftest -g -O2   conftest.c -lm  >&5
configure:21301: $? = 0
configure:21305: test -z 
			 || test ! -s conftest.err
configure:21308: $? = 0
configure:21311: test -s conftest
configure:21314: $? = 0
configure:21326: result: yes
configure:21238: checking for strchr
configure:21295: gcc -o conftest -g -O2   conftest.c -lm  >&5
conftest.c:77:6: warning: conflicting types for built-in function 'strchr'; expected 'char *(const char *, int)' [-Wbuiltin-declaration-mismatch]
   77 | char strchr ();
      |      ^~~~~~
conftest.c:64:1: note: 'strchr' is declared in header '<string.h>'
   63 | # include <limits.h>
   64 | #else
configure:21301: $? = 0
configure:21305: test -z 
			 || test ! -s conftest.err
configure:21308: $? = 0
configure:21311: test -s conftest
configure:21314: $? = 0
configure:21326: result: yes
configure:21238: checking for strdup
configure:21295: gcc -o conftest -g -O2   conftest.c -lm  >&5
conftest.c:78:6: warning: conflicting types for built-in function 'strdup'; expected 'char *(const char *)' [-Wbuiltin-declaration-mismatch]
   78 | char strdup ();
      |      ^~~~~~
configure:21301: $? = 0
configure:21305: test -z 
			 || test ! -s conftest.err
configure:21308: $? = 0
configure:21311: test -s conftest
configure:21314: $? = 0
configure:21326: result: yes
configure:21238: checking for strrchr
configure:21295: gcc -o conftest -g -O2   conftest.c -lm  >&5
conftest.c:79:6: warning: conflicting types for built-in function 'strrchr'; expected 'char *(const char *, int)' [-Wbuiltin-declaration-mismatch]
   79 | char strrchr ();
      |      ^~~~~~~
conftest.c:66:1: note: 'strrchr' is declared in header '<string.h>'
   65 | # include <limits.h>
   66 | #else
configure:21301: $? = 0
configure:21305: test -z 
			 || test ! -s conftest.err
configure:21308: $? = 0
configure:21311: test -s conftest
configure:21314: $? = 0
configure:21326: result: yes
configure:21238: checking for strstr
configure:21295: gcc -o conftest -g -O2   conftest.c -lm  >&5
conftest.c:80:6: warning: conflicting types for built-in function 'strstr'; expected 'char *(const char *, const char *)' [-Wbuiltin-declaration-mismatch]
   80 | char strstr ();
      |      ^~~~~~
conftest.c:67:1: note: 'strstr' is declared in header '<string.h>'
   66 | # include <limits.h>
   67 | #else
configure:21301: $? = 0
configure:21305: test -z 
			 || test ! -s conftest.err
configure:21308: $? = 0
configure:21311: test -s conftest
configure:21314: $? = 0
configure:21326: result: yes
configure:21238: checking for uname
configure:21295: gcc -o conftest -g -O2   conftest.c -lm  >&5
configure:21301: $? = 0
configure:21305: test -z 
			 || test ! -s conftest.err
configure:21308: $? = 0
configure:21311: test -s conftest
configure:21314: $? = 0
configure:21326: result: yes
configure:21338: checking whether byte ordering is bigendian
configure:21365: gcc -c -g -O2  conftest.c >&5
configure:21371: $? = 0
configure:21375: test -z 
			 || test ! -s conftest.err
configure:21378: $? = 0
configure:21381: test -s conftest.o
configure:21384: $? = 0
configure:21408: gcc -c -g -O2  conftest.c >&5
conftest.c: In function 'main':
conftest.c:65:2: error: unknown type name 'not'; did you mean 'ino_t'?
   65 |  not big endian
      |  ^~~
      |  ino_t
conftest.c:65:10: error: expected '=', ',', ';', 'asm' or '__attribute__' before 'endian'
   65 |  not big endian
      |          ^~~~~~
configure:21414: $? = 1
configure: failed program was:
| /* confdefs.h.  */
| 
| #define PACKAGE_NAME "qfits"
| #define PACKAGE_TARNAME "qfits"
| #define PACKAGE_VERSION "6.2.0"
| #define PACKAGE_STRING "qfits 6.2.0"
| #define PACKAGE_BUGREPORT "yjung@eso.org"
| #define PACKAGE "qfits"
| #define VERSION "6.2.0"
| #define STDC_HEADERS 1
| #define HAVE_SYS_TYPES_H 1
| #define HAVE_SYS_STAT_H 1
| #define HAVE_STDLIB_H 1
| #define HAVE_STRING_H 1
| #define HAVE_MEMORY_H 1
| #define HAVE_STRINGS_H 1
| #define HAVE_INTTYPES_H 1
| #define HAVE_STDINT_H 1
| #define HAVE_UNISTD_H 1
| #define HAVE_DLFCN_H 1
| #ifdef __cplusplus
| extern "C" void std::exit (int) throw (); using std::exit;
| #endif
| #define HAVE_LIBM 1
| #define STDC_HEADERS 1
| #define HAVE_FCNTL_H 1
| #define HAVE_STDLIB_H 1
| #define HAVE_STRING_H 1
| #define HAVE_SYS_TIME_H 1
| #define HAVE_UNISTD_H 1
| #define TIME_WITH_SYS_TIME 1
| #define HAVE_STDLIB_H 1
| #define HAVE_MALLOC 1
| #define HAVE_STDLIB_H 1
| #define HAVE_UNISTD_H 1
| #define HAVE_GETPAGESIZE 1
| #define HAVE_MMAP 1
| #define HAVE_STDLIB_H 1
| #define HAVE_REALLOC 1
| #define LSTAT_FOLLOWS_SLASHED_SYMLINK 1
| #define HAVE_VPRINTF 1
| #define HAVE_ATEXIT 1
| #define HAVE_GETPAGESIZE 1
| #define HAVE_GETTIMEOFDAY 1
| #define HAVE_MEMCHR 1
| #define HAVE_MEMMOVE 1
| #define HAVE_MEMSET 1
| #define HAVE_MKDIR 1
| #define HAVE_MUNMAP 1
| #define HAVE_REGCOMP 1
| #define HAVE_RMDIR 1
| #define HAVE_STRCHR 1
| #define HAVE_STRDUP 1
| #define HAVE_STRRCHR 1
| #define HAVE_STRSTR 1
| #define HAVE_UNAME 1
| /* end confdefs.h.  */
| #include <sys/types.h>
| #include <sys/param.h>
| 
| int
| main ()
| {
| #if BYTE_ORDER != BIG_ENDIAN
|  not big endian
| #endif
| 
|   ;
|   return 0;
| }
configure:21549: result: no
configure:21698: creating ./config.status

## ---------------- ##
## Cache variables. ##
## ---------------- ##

ac_cv_build=x86_64-unknown-linux-gnu
ac_cv_build_alias=x86_64-unknown-linux-gnu
ac_cv_c_bigendian=no
ac_cv_c_compiler_gnu=yes
ac_cv_c_const=yes
ac_cv_cxx_compiler_gnu=yes
ac_cv_env_CC_set=
ac_cv_env_CC_value=
ac_cv_env_CFLAGS_set=
ac_cv_env_CFLAGS_value=
ac_cv_env_CPPFLAGS_set=
ac_cv_env_CPPFLAGS_value=
ac_cv_env_CPP_set=
ac_cv_env_CPP_value=
ac_cv_env_CXXCPP_set=
ac_cv_env_CXXCPP_value=
ac_cv_env_CXXFLAGS_set=
ac_cv_env_CXXFLAGS_value=
ac_cv_env_CXX_set=
ac_cv_env_CXX_value=
ac_cv_env_DOXYGEN_set=
ac_cv_env_DOXYGEN_value=
ac_cv_env_F77_set=
ac_cv_env_F77_value=
ac_cv_env_FFLAGS_set=
ac_cv_env_FFLAGS_value=
ac_cv_env_LATEX_set=
ac_cv_env_LATEX_value=
ac_cv_env_LDFLAGS_set=
ac_cv_env_LDFLAGS_value=
ac_cv_env_build_alias_set=
ac_cv_env_build_alias_value=
ac_cv_env_host_alias_set=
ac_cv_env_host_alias_value=
ac_cv_env_target_alias_set=
ac_cv_env_target_alias_value=
ac_cv_exeext=
ac_cv_f77_compiler_gnu=yes
ac_cv_func__doprnt=no
ac_cv_func_atexit=yes
ac_cv_func_getpagesize=yes
ac_cv_func_gettimeofday=yes
ac_cv_func_lstat_dereferences_slashed_symlink=yes
ac_cv_func_malloc_0_nonnull=yes
ac_cv_func_memchr=yes
ac_cv_func_memmove=yes
ac_cv_func_memset=yes
ac_cv_func_mkdir=yes
ac_cv_func_mmap_fixed_mapped=yes
ac_cv_func_munmap=yes
ac_cv_func_realloc_0_nonnull=yes
ac_cv_func_regcomp=yes
ac_cv_func_rmdir=yes
ac_cv_func_stat_empty_string_bug=no
ac_cv_func_strchr=yes
ac_cv_func_strdup=yes
ac_cv_func_strrchr=yes
ac_cv_func_strstr=yes
ac_cv_func_uname=yes
ac_cv_func_vprintf=yes
ac_cv_header_dlfcn_h=yes
ac_cv_header_fcntl_h=yes
ac_cv_header_inttypes_h=yes
ac_cv_header_memory_h=yes
ac_cv_header_stdc=yes
ac_cv_header_stdint_h=yes
ac_cv_header_stdlib_h=yes
ac_cv_header_string_h=yes
ac_cv_header_strings_h=yes
ac_cv_header_sys_stat_h=yes
ac_cv_header_sys_time_h=yes
ac_cv_header_sys_types_h=yes
ac_cv_header_time=yes
ac_cv_header_unistd_h=yes
ac_cv_host=x86_64-unknown-linux-gnu
ac_cv_host_alias=x86_64-unknown-linux-gnu
ac_cv_lib_m_main=yes
ac_cv_objext=o
ac_cv_path_install='/usr/bin/install -c'
ac_cv_prog_AWK=mawk
ac_cv_prog_CPP='gcc -E'
ac_cv_prog_CXXCPP='g++ -E'
ac_cv_prog_ac_ct_AR=ar
ac_cv_prog_ac_ct_CC=gcc
ac_cv_prog_ac_ct_CXX=g++
ac_cv_prog_ac_ct_F77=f77
ac_cv_prog_ac_ct_RANLIB=ranlib
ac_cv_prog_ac_ct_STRIP=strip
ac_cv_prog_cc_g=yes
ac_cv_prog_cc_stdc=
ac_cv_prog_cxx_g=yes
ac_cv_prog_egrep='grep -E'
ac_cv_prog_f77_g=yes
ac_cv_prog_make_make_set=yes
ac_cv_struct_tm=time.h
ac_cv_type_size_t=yes
am_cv_CC_dependencies_compiler_type=gcc3
am_cv_CXX_dependencies_compiler_type=gcc3
lt_cv_deplibs_check_method=pass_all
lt_cv_file_magic_cmd='$MAGIC_CMD'
lt_cv_file_magic_test_file='/lib/libc.so* /lib/libc-*.so'
lt_cv_ld_reload_flag=-r
lt_cv_objdir=.libs
lt_cv_path_LD=/usr/bin/ld
lt_cv_path_LDCXX='/usr/bin/ld -m elf_x86_64'
lt_cv_path_NM='/usr/bin/nm -B'
lt_cv_path_SED=/usr/bin/sed
lt_cv_prog_compiler_c_o=yes
lt_cv_prog_compiler_c_o_CXX=yes
lt_cv_prog_compiler_c_o_F77=yes
lt_cv_prog_compiler_rtti_exceptions=no
lt_cv_prog_gnu_ld=yes
lt_cv_prog_gnu_ldcxx=yes
lt_cv_sys_global_symbol_pipe='sed -n -e '\''s/^.*[ 	]\([ABCDGIRSTW][ABCDGIRSTW]*\)[ 	][ 	]*\(\)\([_A-Za-z][_A-Za-z0-9]*\)$/\1 \2\3 \3/p'\'''
lt_cv_sys_global_symbol_to_c_name_address='sed -n -e '\''s/^: \([^ ]*\) $/  {\"\1\", (lt_ptr) 0},/p'\'' -e '\''s/^[BCDEGRST] \([^ ]*\) \([^ ]*\)$/  {"\2", (lt_ptr) \&\2},/p'\'''
lt_cv_sys_global_symbol_to_cdecl='sed -n -e '\''s/^. .* \(.*\)$/extern int \1;/p'\'''
lt_cv_sys_max_cmd_len=32768
lt_lt_cv_prog_compiler_c_o='"yes"'
lt_lt_cv_prog_compiler_c_o_CXX='"yes"'
lt_lt_cv_prog_compiler_c_o_F77='"yes"'
lt_lt_cv_sys_global_symbol_pipe='"sed -n -e '\''s/^.*[ 	]\\([ABCDGIRSTW][ABCDGIRSTW]*\\)[ 	][ 	]*\\(\\)\\([_A-Za-z][_A-Za-z0-9]*\\)\$/\\1 \\2\\3 \\3/p'\''"'
lt_lt_cv_sys_global_symbol_to_c_name_address='"sed -n -e '\''s/^: \\([^ ]*\\) \$/  {\\\"\\1\\\", (lt_ptr) 0},/p'\'' -e '\''s/^[BCDEGRST] \\([^ ]*\\) \\([^ ]*\\)\$/  {\"\\2\", (lt_ptr) \\&\\2},/p'\''"'
lt_lt_cv_sys_global_symbol_to_cdecl='"sed -n -e '\''s/^. .* \\(.*\\)\$/extern int \\1;/p'\''"'

## ----------------- ##
## Output variables. ##
## ----------------- ##

ACLOCAL='${SHELL} /home/peter/GitHub/fat_tirific/qfits-6.2.0/admin/missing --run aclocal-1.8'
AMDEPBACKSLASH='\'
AMDEP_FALSE='#'
AMDEP_TRUE=''
AMTAR='${SHELL} /home/peter/GitHub/fat_tirific/qfits-6.2.0/admin/missing --run tar'
AR='ar'
AUTOCONF='${SHELL} /home/peter/GitHub/fat_tirific/qfits-6.2.0/admin/missing --run autoconf'
AUTOHEADER='${SHELL} /home/peter/GitHub/fat_tirific/qfits-6.2.0/admin/missing --run autoheader'
AUTOMAKE='${SHELL} /home/peter/GitHub/fat_tirific/qfits-6.2.0/admin/missing --run automake-1.8'
AWK='mawk'
CC='gcc'
CCDEPMODE='depmode=gcc3'
CFLAGS='-g -O2'
CPP='gcc -E'
CPPFLAGS=''
CXX='g++'
CXXCPP='g++ -E'
CXXDEPMODE='depmode=gcc3'
CXXFLAGS='-g -O2'
CYGPATH_W='echo'
DEFS='-DHAVE_CONFIG_H'
DEPDIR='.deps'
DOXYGEN=':'
ECHO='echo'
ECHO_C=''
ECHO_N='-n'
ECHO_T=''
EGREP='grep -E'
EXEEXT=''
F77='f77'
FFLAGS='-g -O2'
INSTALL_DATA='${INSTALL} -m 644'
INSTALL_PROGRAM='${INSTALL}'
INSTALL_SCRIPT='${INSTALL}'
INSTALL_STRIP_PROGRAM='${SHELL} $(install_sh) -c -s'
LATEX=':'
LDFLAGS=''
LIBOBJS=''
LIBS='-lm '
LIBTOOL='$(SHELL) $(top_builddir)/libtool'
LIBTOOL_DEPS='admin/ltmain.sh'
LN_S='ln -s'
LTLIBOBJS=''
LT_AGE='0'
LT_CURRENT='0'
LT_REVISION='0'
MAKEINFO='${SHELL} /home/peter/GitHub/fat_tirific/qfits-6.2.0/admin/missing --run makeinfo'
OBJEXT='o'
PACKAGE='qfits'
PACKAGE_BUGREPORT='yjung@eso.org'
PACKAGE_NAME='qfits'
PACKAGE_STRING='qfits 6.2.0'
PACKAGE_TARNAME='qfits'
PACKAGE_VERSION='6.2.0'
PATH_SEPARATOR=':'
QFITS_CFLAGS=''
RANLIB='ranlib'
SET_MAKE=''
SHELL='/bin/sh'
STRIP='strip'
VERSION='6.2.0'
ac_ct_AR='ar'
ac_ct_CC='gcc'
ac_ct_CXX='g++'
ac_ct_F77='f77'
ac_ct_RANLIB='ranlib'
ac_ct_STRIP='strip'
am__fastdepCC_FALSE='#'
am__fastdepCC_TRUE=''
am__fastdepCXX_FALSE='#'
am__fastdepCXX_TRUE=''
am__include='include'
am__leading_dot='.'
am__quote=''
bindir='${exec_prefix}/bin'
build='x86_64-unknown-linux-gnu'
build_alias=''
build_cpu='x86_64'
build_os='linux-gnu'
build_vendor='unknown'
datadir='${prefix}/share'
exec_prefix='${prefix}'
host='x86_64-unknown-linux-gnu'
host_alias=''
host_cpu='x86_64'
host_os='linux-gnu'
host_vendor='unknown'
includedir='${prefix}/include'
infodir='${prefix}/info'
install_sh='/home/peter/GitHub/fat_tirific/qfits-6.2.0/admin/install-sh'
libdir='${exec_prefix}/lib'
libexecdir='${exec_prefix}/libexec'
localstatedir='${prefix}/var'
mandir='${prefix}/man'
mkdir_p='mkdir -p -- .'
oldincludedir='/usr/include'
prefix='/home/peter/GitHub/fat_tirific/qfits-6.2.0/qloc'
program_transform_name='s,x,x,'
sbindir='${exec_prefix}/sbin'
sharedstatedir='${prefix}/com'
sysconfdir='${prefix}/etc'
target_alias=''

## ----------- ##
## confdefs.h. ##
## ----------- ##

#define HAVE_ATEXIT 1
#define HAVE_DLFCN_H 1
#define HAVE_FCNTL_H 1
#define HAVE_GETPAGESIZE 1
#define HAVE_GETPAGESIZE 1
#define HAVE_GETTIMEOFDAY 1
#define HAVE_INTTYPES_H 1
#define HAVE_LIBM 1
#define HAVE_MALLOC 1
#define HAVE_MEMCHR 1
#define HAVE_MEMMOVE 1
#define HAVE_MEMORY_H 1
#define HAVE_MEMSET 1
#define HAVE_MKDIR 1
#define HAVE_MMAP 1
#define HAVE_MUNMAP 1
#define HAVE_REALLOC 1
#define HAVE_REGCOMP 1
#define HAVE_RMDIR 1
#define HAVE_STDINT_H 1
#define HAVE_STDLIB_H 1
#define HAVE_STDLIB_H 1
#define HAVE_STDLIB_H 1
#define HAVE_STDLIB_H 1
#define HAVE_STDLIB_H 1
#define HAVE_STRCHR 1
#define HAVE_STRDUP 1
#define HAVE_STRINGS_H 1
#define HAVE_STRING_H 1
#define HAVE_STRING_H 1
#define HAVE_STRRCHR 1
#define HAVE_STRSTR 1
#define HAVE_SYS_STAT_H 1
#define HAVE_SYS_TIME_H 1
#define HAVE_SYS_TYPES_H 1
#define HAVE_UNAME 1
#define HAVE_UNISTD_H 1
#define HAVE_UNISTD_H 1
#define HAVE_UNISTD_H 1
#define HAVE_VPRINTF 1
#define LSTAT_FOLLOWS_SLASHED_SYMLINK 1
#define PACKAGE "qfits"
#define PACKAGE_BUGREPORT "yjung@eso.org"
#define PACKAGE_NAME "qfits"
#define PACKAGE_STRING "qfits 6.2.0"
#define PACKAGE_TARNAME "qfits"
#define PACKAGE_VERSION "6.2.0"
#define STDC_HEADERS 1
#define STDC_HEADERS 1
#define TIME_WITH_SYS_TIME 1
#define VERSION "6.2.0"
#endif
#ifdef __cplusplus
extern "C" void std::exit (int) throw (); using std::exit;

configure: exit 0

## ---------------------- ##
## Running config.status. ##
## ---------------------- ##

This file was extended by qfits config.status 6.2.0, which was
generated by GNU Autoconf 2.59.  Invocation command line was

  CONFIG_FILES    = 
  CONFIG_HEADERS  = 
  CONFIG_LINKS    = 
  CONFIG_COMMANDS = 
  $ ./config.status 

on Totoro

config.status:725: creating Makefile
config.status:725: creating doc/Doxyfile
config.status:725: creating src/Makefile
config.status:725: creating main/Makefile
config.status:725: creating saft/Makefile
config.status:725: creating man/Makefile
config.status:725: creating test/Makefile
config.status:829: creating config.h
config.status:1021: config.h is unchanged
config.status:1201: executing depfiles commands

## ---------------------- ##
## Running config.status. ##
## ---------------------- ##

This file was extended by qfits config.status 6.2.0, which was
generated by GNU Autoconf 2.59.  Invocation command line was

  CONFIG_FILES    = 
  CONFIG_HEADERS  = 
  CONFIG_LINKS    = 
  CONFIG_COMMANDS = 
  $ ./config.status config.h

on Totoro

config.status:829: creating config.h
config.status:1021: config.h is unchanged
